<?xml version="1.0" encoding="UTF-8"?>
<!-- Generated by org.testng.reporters.JUnitReportReporter -->
<testsuite hostname="PN1LADTPG02AAJM" failures="0" tests="5" name="VE3Project.VE3.SwagLabsTest" time="56.027" errors="0" timestamp="2025-08-08T16:16:37 IST" skipped="0">
  <testcase classname="VE3Project.VE3.SwagLabsTest" name="homepageLoadVerification" time="12.238"/>
  <testcase classname="VE3Project.VE3.SwagLabsTest" name="homepageLoadVerification" time="9.325"/>
  <testcase classname="VE3Project.VE3.SwagLabsTest" name="productFilteringLowToHigh" time="10.987"/>
  <testcase classname="VE3Project.VE3.SwagLabsTest" name="cartOperations" time="9.198"/>
  <testcase classname="VE3Project.VE3.SwagLabsTest" name="checkoutProcess" time="14.279"/>
</testsuite> <!-- VE3Project.VE3.SwagLabsTest -->
